<?xml version="1.0" encoding="UTF-8"?>
<coverage generated="1777482327971" clover="3.2.0">
  <project timestamp="1777482327972" name="All files">
    <metrics statements="26" coveredstatements="25" conditionals="9" coveredconditionals="9" methods="6" coveredmethods="5" elements="41" coveredelements="39" complexity="0" loc="26" ncloc="26" packages="1" files="4" classes="4"/>
    <file name="habits.ts" path="C:\Users\Dreadhead\Documents\GitHub\habit-tracker-pwa\src\lib\habits.ts">
      <metrics statements="5" coveredstatements="5" conditionals="2" coveredconditionals="2" methods="1" coveredmethods="1"/>
      <line num="12" count="4" type="stmt"/>
      <line num="14" count="4" type="cond" truecount="2" falsecount="0"/>
      <line num="15" count="1" type="stmt"/>
      <line num="17" count="3" type="stmt"/>
      <line num="20" count="4" type="stmt"/>
    </file>
    <file name="slug.ts" path="C:\Users\Dreadhead\Documents\GitHub\habit-tracker-pwa\src\lib\slug.ts">
      <metrics statements="1" coveredstatements="1" conditionals="0" coveredconditionals="0" methods="1" coveredmethods="1"/>
      <line num="2" count="3" type="stmt"/>
    </file>
    <file name="streaks.ts" path="C:\Users\Dreadhead\Documents\GitHub\habit-tracker-pwa\src\lib\streaks.ts">
      <metrics statements="14" coveredstatements="13" conditionals="3" coveredconditionals="3" methods="3" coveredmethods="2"/>
      <line num="2" count="0" type="stmt"/>
      <line num="6" count="6" type="stmt"/>
      <line num="7" count="6" type="stmt"/>
      <line num="8" count="6" type="stmt"/>
      <line num="15" count="5" type="stmt"/>
      <line num="17" count="5" type="cond" truecount="2" falsecount="0"/>
      <line num="18" count="2" type="stmt"/>
      <line num="21" count="3" type="stmt"/>
      <line num="23" count="3" type="stmt"/>
      <line num="24" count="3" type="stmt"/>
      <line num="26" count="3" type="stmt"/>
      <line num="27" count="6" type="stmt"/>
      <line num="28" count="6" type="stmt"/>
      <line num="31" count="3" type="stmt"/>
    </file>
    <file name="validators.ts" path="C:\Users\Dreadhead\Documents\GitHub\habit-tracker-pwa\src\lib\validators.ts">
      <metrics statements="6" coveredstatements="6" conditionals="4" coveredconditionals="4" methods="1" coveredmethods="1"/>
      <line num="6" count="3" type="stmt"/>
      <line num="8" count="3" type="cond" truecount="2" falsecount="0"/>
      <line num="9" count="1" type="stmt"/>
      <line num="16" count="2" type="cond" truecount="2" falsecount="0"/>
      <line num="17" count="1" type="stmt"/>
      <line num="24" count="1" type="stmt"/>
    </file>
  </project>
</coverage>
