{"C:\\Users\\Dreadhead\\Documents\\GitHub\\habit-tracker-pwa\\src\\lib\\habits.ts": {"path":"C:\\Users\\Dreadhead\\Documents\\GitHub\\habit-tracker-pwa\\src\\lib\\habits.ts","statementMap":{"0":{"start":{"line":12,"column":22},"end":{"line":12,"column":48}},"1":{"start":{"line":14,"column":2},"end":{"line":17,"column":null}},"2":{"start":{"line":15,"column":4},"end":{"line":15,"column":null}},"3":{"start":{"line":17,"column":4},"end":{"line":17,"column":null}},"4":{"start":{"line":20,"column":2},"end":{"line":23,"column":null}}},"fnMap":{"0":{"name":"toggleHabitCompletion","decl":{"start":{"line":11,"column":16},"end":{"line":11,"column":38}},"loc":{"start":{"line":11,"column":73},"end":{"line":23,"column":null}},"line":11}},"branchMap":{"0":{"loc":{"start":{"line":14,"column":2},"end":{"line":17,"column":null}},"type":"if","locations":[{"start":{"line":14,"column":2},"end":{"line":17,"column":null}},{"start":{"line":16,"column":9},"end":{"line":17,"column":null}}],"line":14}},"s":{"0":4,"1":4,"2":1,"3":3,"4":4},"f":{"0":4},"b":{"0":[1,3]},"meta":{"lastBranch":1,"lastFunction":1,"lastStatement":5,"seen":{"f:11:16:11:38":0,"s:12:22:12:48":0,"b:14:2:17:Infinity:16:9:17:Infinity":0,"s:14:2:17:Infinity":1,"s:15:4:15:Infinity":2,"s:17:4:17:Infinity":3,"s:20:2:23:Infinity":4}}}
,"C:\\Users\\Dreadhead\\Documents\\GitHub\\habit-tracker-pwa\\src\\lib\\slug.ts": {"path":"C:\\Users\\Dreadhead\\Documents\\GitHub\\habit-tracker-pwa\\src\\lib\\slug.ts","statementMap":{"0":{"start":{"line":2,"column":2},"end":{"line":7,"column":null}}},"fnMap":{"0":{"name":"getHabitSlug","decl":{"start":{"line":1,"column":16},"end":{"line":1,"column":29}},"loc":{"start":{"line":1,"column":51},"end":{"line":7,"column":null}},"line":1}},"branchMap":{},"s":{"0":3},"f":{"0":3},"b":{},"meta":{"lastBranch":0,"lastFunction":1,"lastStatement":1,"seen":{"f:1:16:1:29":0,"s:2:2:7:Infinity":0}}}
,"C:\\Users\\Dreadhead\\Documents\\GitHub\\habit-tracker-pwa\\src\\lib\\streaks.ts": {"path":"C:\\Users\\Dreadhead\\Documents\\GitHub\\habit-tracker-pwa\\src\\lib\\streaks.ts","statementMap":{"0":{"start":{"line":2,"column":2},"end":{"line":2,"column":null}},"1":{"start":{"line":6,"column":18},"end":{"line":6,"column":51}},"2":{"start":{"line":7,"column":2},"end":{"line":7,"column":null}},"3":{"start":{"line":8,"column":2},"end":{"line":8,"column":null}},"4":{"start":{"line":15,"column":34},"end":{"line":15,"column":73}},"5":{"start":{"line":17,"column":2},"end":{"line":18,"column":null}},"6":{"start":{"line":18,"column":4},"end":{"line":18,"column":null}},"7":{"start":{"line":21,"column":25},"end":{"line":21,"column":57}},"8":{"start":{"line":23,"column":15},"end":{"line":23,"column":null}},"9":{"start":{"line":24,"column":20},"end":{"line":24,"column":null}},"10":{"start":{"line":26,"column":2},"end":{"line":28,"column":null}},"11":{"start":{"line":27,"column":4},"end":{"line":27,"column":null}},"12":{"start":{"line":28,"column":4},"end":{"line":28,"column":null}},"13":{"start":{"line":31,"column":2},"end":{"line":31,"column":null}}},"fnMap":{"0":{"name":"getTodayDate","decl":{"start":{"line":1,"column":9},"end":{"line":1,"column":32}},"loc":{"start":{"line":1,"column":32},"end":{"line":2,"column":null}},"line":1},"1":{"name":"getPreviousDate","decl":{"start":{"line":5,"column":9},"end":{"line":5,"column":25}},"loc":{"start":{"line":5,"column":47},"end":{"line":8,"column":null}},"line":5},"2":{"name":"calculateCurrentStreak","decl":{"start":{"line":11,"column":16},"end":{"line":11,"column":null}},"loc":{"start":{"line":14,"column":10},"end":{"line":31,"column":null}},"line":14}},"branchMap":{"0":{"loc":{"start":{"line":13,"column":2},"end":{"line":13,"column":32}},"type":"default-arg","locations":[{"start":{"line":13,"column":18},"end":{"line":13,"column":32}}],"line":13},"1":{"loc":{"start":{"line":17,"column":2},"end":{"line":18,"column":null}},"type":"if","locations":[{"start":{"line":17,"column":2},"end":{"line":18,"column":null}},{"start":{},"end":{}}],"line":17}},"s":{"0":0,"1":6,"2":6,"3":6,"4":5,"5":5,"6":2,"7":3,"8":3,"9":3,"10":3,"11":6,"12":6,"13":3},"f":{"0":0,"1":6,"2":5},"b":{"0":[5],"1":[2,3]},"meta":{"lastBranch":2,"lastFunction":3,"lastStatement":14,"seen":{"f:1:9:1:32":0,"s:2:2:2:Infinity":0,"f:5:9:5:25":1,"s:6:18:6:51":1,"s:7:2:7:Infinity":2,"s:8:2:8:Infinity":3,"f:11:16:11:Infinity":2,"b:13:18:13:32":0,"s:15:34:15:73":4,"b:17:2:18:Infinity:undefined:undefined:undefined:undefined":1,"s:17:2:18:Infinity":5,"s:18:4:18:Infinity":6,"s:21:25:21:57":7,"s:23:15:23:Infinity":8,"s:24:20:24:Infinity":9,"s:26:2:28:Infinity":10,"s:27:4:27:Infinity":11,"s:28:4:28:Infinity":12,"s:31:2:31:Infinity":13}}}
,"C:\\Users\\Dreadhead\\Documents\\GitHub\\habit-tracker-pwa\\src\\lib\\validators.ts": {"path":"C:\\Users\\Dreadhead\\Documents\\GitHub\\habit-tracker-pwa\\src\\lib\\validators.ts","statementMap":{"0":{"start":{"line":6,"column":16},"end":{"line":6,"column":27}},"1":{"start":{"line":8,"column":2},"end":{"line":13,"column":null}},"2":{"start":{"line":9,"column":4},"end":{"line":13,"column":null}},"3":{"start":{"line":16,"column":2},"end":{"line":21,"column":null}},"4":{"start":{"line":17,"column":4},"end":{"line":21,"column":null}},"5":{"start":{"line":24,"column":2},"end":{"line":28,"column":null}}},"fnMap":{"0":{"name":"validateHabitName","decl":{"start":{"line":1,"column":16},"end":{"line":1,"column":34}},"loc":{"start":{"line":5,"column":2},"end":{"line":28,"column":null}},"line":5}},"branchMap":{"0":{"loc":{"start":{"line":8,"column":2},"end":{"line":13,"column":null}},"type":"if","locations":[{"start":{"line":8,"column":2},"end":{"line":13,"column":null}},{"start":{},"end":{}}],"line":8},"1":{"loc":{"start":{"line":16,"column":2},"end":{"line":21,"column":null}},"type":"if","locations":[{"start":{"line":16,"column":2},"end":{"line":21,"column":null}},{"start":{},"end":{}}],"line":16}},"s":{"0":3,"1":3,"2":1,"3":2,"4":1,"5":1},"f":{"0":3},"b":{"0":[1,2],"1":[1,1]},"meta":{"lastBranch":2,"lastFunction":1,"lastStatement":6,"seen":{"f:1:16:1:34":0,"s:6:16:6:27":0,"b:8:2:13:Infinity:undefined:undefined:undefined:undefined":0,"s:8:2:13:Infinity":1,"s:9:4:13:Infinity":2,"b:16:2:21:Infinity:undefined:undefined:undefined:undefined":1,"s:16:2:21:Infinity":3,"s:17:4:21:Infinity":4,"s:24:2:28:Infinity":5}}}
}
